TN:
SF:/Users/Martin/fcc/front-end/react-prac/caci-react/js/Search.jsx
FNF:0
FNH:0
LF:0
LH:0
BRDA:9,1,0,2
BRDA:9,1,1,1
BRF:2
BRH:2
end_of_record
TN:
SF:/Users/Martin/fcc/front-end/react-prac/caci-react/js/ShowCard.jsx
FNF:0
FNH:0
LF:0
LH:0
BRF:0
BRH:0
end_of_record
TN:
SF:/Users/Martin/fcc/front-end/react-prac/caci-react/js/Header.jsx
FN:8,Header
FNF:1
FNH:1
FNDA:3,Header
DA:8,1
DA:18,3
LF:2
LH:2
BRDA:8,1,0,3
BRDA:8,1,1,0
BRDA:18,2,0,2
BRDA:18,2,1,1
BRF:4
BRH:3
end_of_record
TN:
SF:/Users/Martin/fcc/front-end/react-prac/caci-react/js/Store.jsx
FN:11,reducer
FN:26,mapDispatchToProps
FN:28,setSearchTerm
FNF:3
FNH:2
FNDA:4,reducer
FNDA:5,mapDispatchToProps
FNDA:0,setSearchTerm
LF:0
LH:0
BRDA:11,1,0,1
BRDA:11,2,0,4
BRDA:11,2,1,4
BRDA:13,3,0,2
BRDA:13,3,1,2
BRDA:23,4,0,0
BRDA:23,4,1,1
BRDA:23,5,0,1
BRDA:23,5,1,1
BRDA:23,6,0,0
BRDA:23,6,1,1
BRF:11
BRH:9
end_of_record
